<?xml version="1.0" encoding="utf-8"?><testsuites name="pytest tests"><testsuite name="pytest" errors="0" failures="0" skipped="0" tests="30" time="4.197" timestamp="2026-06-13T05:37:32.698170+00:00" hostname="agent-env-84f545d0-4db8-4e14-a526-c9479bfa76d0"><testcase classname="backend.tests.test_stayhive_backend" name="test_health" time="0.263" /><testcase classname="backend.tests.test_stayhive_backend" name="test_list_pgs_default" time="0.046" /><testcase classname="backend.tests.test_stayhive_backend" name="test_list_pgs_filters" time="0.047" /><testcase classname="backend.tests.test_stayhive_backend" name="test_list_pgs_price_filter" time="0.047" /><testcase classname="backend.tests.test_stayhive_backend" name="test_list_cities" time="0.048" /><testcase classname="backend.tests.test_stayhive_backend" name="test_get_pg_detail" time="0.089" /><testcase classname="backend.tests.test_stayhive_backend" name="test_get_pg_not_found" time="0.097" /><testcase classname="backend.tests.test_stayhive_backend" name="test_register_duplicate" time="0.326" /><testcase classname="backend.tests.test_stayhive_backend" name="test_login_admin" time="0.320" /><testcase classname="backend.tests.test_stayhive_backend" name="test_login_wrong_password" time="0.274" /><testcase classname="backend.tests.test_stayhive_backend" name="test_me_without_token" time="0.101" /><testcase classname="backend.tests.test_stayhive_backend" name="test_google_session_invalid" time="0.202" /><testcase classname="backend.tests.test_stayhive_backend" name="test_booking_created" time="0.049" /><testcase classname="backend.tests.test_stayhive_backend" name="test_booking_invalid_pg" time="0.047" /><testcase classname="backend.tests.test_stayhive_backend" name="test_booking_invalid_room" time="0.047" /><testcase classname="backend.tests.test_stayhive_backend" name="test_my_bookings" time="0.049" /><testcase classname="backend.tests.test_stayhive_backend" name="test_payment_order_mock" time="0.047" /><testcase classname="backend.tests.test_stayhive_backend" name="test_payment_verify_mock" time="0.100" /><testcase classname="backend.tests.test_stayhive_backend" name="test_create_and_list_review" time="0.146" /><testcase classname="backend.tests.test_stayhive_backend" name="test_owner_pgs_list" time="0.378" /><testcase classname="backend.tests.test_stayhive_backend" name="test_other_owner_cannot_edit" time="0.332" /><testcase classname="backend.tests.test_stayhive_backend" name="test_other_owner_cannot_delete" time="0.046" /><testcase classname="backend.tests.test_stayhive_backend" name="test_admin_activate_pg" time="0.049" /><testcase classname="backend.tests.test_stayhive_backend" name="test_owner_cannot_change_status" time="0.048" /><testcase classname="backend.tests.test_stayhive_backend" name="test_owner_delete_own_pg" time="0.048" /><testcase classname="backend.tests.test_stayhive_backend" name="test_admin_stats" time="0.055" /><testcase classname="backend.tests.test_stayhive_backend" name="test_admin_users" time="0.049" /><testcase classname="backend.tests.test_stayhive_backend" name="test_admin_pgs" time="0.048" /><testcase classname="backend.tests.test_stayhive_backend" name="test_admin_bookings" time="0.045" /><testcase classname="backend.tests.test_stayhive_backend" name="test_admin_endpoints_forbidden_for_guest" time="0.177" /></testsuite></testsuites>